<?xml version="1.0" encoding="UTF-8"?>
<!-- Generated by org.testng.reporters.JUnitReportReporter -->
<testsuite hostname="DESKTOP-9CFJ1HG" failures="0" tests="1" name="QAClickAcademy.MavenJava.AppTest" time="0.059" errors="0" timestamp="2021-04-02T20:47:14 IST" skipped="0">
  <testcase classname="QAClickAcademy.MavenJava.AppTest" name="testApp" time="0.059"/>
  <system-out/>
</testsuite> <!-- QAClickAcademy.MavenJava.AppTest -->
