<?xml version="1.0" encoding="UTF-8"?>
<!-- Generated by org.testng.reporters.JUnitReportReporter -->
<testsuite skipped="0" hostname="DESKTOP-9CFJ1HG" name="QAClickAcademy.MavenJava.SeleniumTest" tests="1" failures="0" timestamp="2021-04-03T11:27:08 IST" time="0.009" errors="0">
  <testcase name="fir" time="0.009" classname="QAClickAcademy.MavenJava.SeleniumTest"/>
  <system-out/>
</testsuite> <!-- QAClickAcademy.MavenJava.SeleniumTest -->
